<?xml version="1.0" encoding="UTF-8"?>
<testng-results skipped="0" failed="0" total="2" passed="2">
  <reporter-output>
  </reporter-output>
  <suite name="Docker Run Suite" duration-ms="41920" started-at="2019-12-24T06:10:00Z" finished-at="2019-12-24T06:10:42Z">
    <groups>
    </groups>
    <test name="Docker Test" duration-ms="41920" started-at="2019-12-24T06:10:00Z" finished-at="2019-12-24T06:10:42Z">
      <class name="com.qa.testdocker.StartAndStopDocker">
        <test-method status="PASS" signature="dockerStart()[pri:0, instance:com.qa.testdocker.StartAndStopDocker@2ff4f00f]" name="dockerStart" is-config="true" duration-ms="15011" started-at="2019-12-24T11:40:00Z" finished-at="2019-12-24T11:40:15Z">
          <reporter-output>
          </reporter-output>
        </test-method> <!-- dockerStart -->
        <test-method status="PASS" signature="dockerStop()[pri:0, instance:com.qa.testdocker.StartAndStopDocker@2ff4f00f]" name="dockerStop" is-config="true" duration-ms="15002" started-at="2019-12-24T11:40:27Z" finished-at="2019-12-24T11:40:42Z">
          <reporter-output>
          </reporter-output>
        </test-method> <!-- dockerStop -->
      </class> <!-- com.qa.testdocker.StartAndStopDocker -->
      <class name="com.qa.testdocker.TestDockerOnFirefox">
        <test-method status="PASS" signature="getGoogleTitleOnFirefox()[pri:0, instance:com.qa.testdocker.TestDockerOnFirefox@3f0ee7cb]" name="getGoogleTitleOnFirefox" duration-ms="11894" started-at="2019-12-24T11:40:15Z" finished-at="2019-12-24T11:40:27Z">
          <reporter-output>
          </reporter-output>
        </test-method> <!-- getGoogleTitleOnFirefox -->
      </class> <!-- com.qa.testdocker.TestDockerOnFirefox -->
      <class name="com.qa.testdocker.TestDockerOnChrome">
        <test-method status="PASS" signature="getGoogleTitleOnChrome()[pri:0, instance:com.qa.testdocker.TestDockerOnChrome@c818063]" name="getGoogleTitleOnChrome" duration-ms="2569" started-at="2019-12-24T11:40:15Z" finished-at="2019-12-24T11:40:18Z">
          <reporter-output>
          </reporter-output>
        </test-method> <!-- getGoogleTitleOnChrome -->
      </class> <!-- com.qa.testdocker.TestDockerOnChrome -->
    </test> <!-- Docker Test -->
  </suite> <!-- Docker Run Suite -->
</testng-results>
