<?xml version="1.0" encoding="UTF-8"?>
<testng-results skipped="0" failed="0" total="1" passed="1">
  <reporter-output>
  </reporter-output>
  <suite name="Docker Run Suite" duration-ms="31875" started-at="2019-12-26T10:39:53Z" finished-at="2019-12-26T10:40:25Z">
    <groups>
    </groups>
    <test name="Docker Test" duration-ms="31875" started-at="2019-12-26T10:39:53Z" finished-at="2019-12-26T10:40:25Z">
      <class name="com.qa.testdocker.StartAndStopDocker">
        <test-method status="PASS" signature="dockerStart()[pri:0, instance:com.qa.testdocker.StartAndStopDocker@6cd8737]" name="dockerStart" is-config="true" duration-ms="15014" started-at="2019-12-26T16:09:53Z" finished-at="2019-12-26T16:10:08Z">
          <reporter-output>
          </reporter-output>
        </test-method> <!-- dockerStart -->
        <test-method status="PASS" signature="dockerStop()[pri:0, instance:com.qa.testdocker.StartAndStopDocker@6cd8737]" name="dockerStop" is-config="true" duration-ms="15005" started-at="2019-12-26T16:10:10Z" finished-at="2019-12-26T16:10:25Z">
          <reporter-output>
          </reporter-output>
        </test-method> <!-- dockerStop -->
      </class> <!-- com.qa.testdocker.StartAndStopDocker -->
      <class name="com.qa.testdocker.TestDockerOnChrome">
        <test-method status="PASS" signature="getGoogleTitleOnChrome()[pri:0, instance:com.qa.testdocker.TestDockerOnChrome@22f71333]" name="getGoogleTitleOnChrome" duration-ms="1843" started-at="2019-12-26T16:10:08Z" finished-at="2019-12-26T16:10:10Z">
          <reporter-output>
          </reporter-output>
        </test-method> <!-- getGoogleTitleOnChrome -->
      </class> <!-- com.qa.testdocker.TestDockerOnChrome -->
    </test> <!-- Docker Test -->
  </suite> <!-- Docker Run Suite -->
</testng-results>
